-------------------------------------------------------------------------------
Test set: com.dench.resumebuilder.EmployeeManagementApplicationTests
-------------------------------------------------------------------------------
Tests run: 1, Failures: 0, Errors: 1, Skipped: 0, Time elapsed: 2.593 s <<< FAILURE! - in com.dench.resumebuilder.EmployeeManagementApplicationTests
initializationError(com.dench.resumebuilder.EmployeeManagementApplicationTests)  Time elapsed: 0.041 s  <<< ERROR!
java.lang.IllegalStateException: Unable to find a @SpringBootConfiguration, you need to use @ContextConfiguration or @SpringBootTest(classes=...) with your test

